                    
  111     111       
  1F1     1F21      
11111111  12F1      
D1   1D1   111      
11   111      12321 
              2DDD1 
              2D421 
              111   
11111111111111111111
D11D11D11D11D11D11D1
11111111111111111111
00122100000000000000
002DD100000000000000
002D3100000000000000

GAME OVER
00000000000000000000
00111000001110000000
001D1000001D21000000
111111110012D1000000
D10001D1000111000000
11000111000000123210
000000000000002DDD10
000000000000002D4210
00000000000000111000
11111111111111111111
D11D11D11D11D11D11D1
11111111111111111111
00122100000000000000
002DD100000000000000
002D3100000000000000

                    
  111     111       
  1D1     1D21      
11111111  12D1      
D1   1D1   111      
11   111      12321 
              2DDD1 
              2D421 
              111   
11111111111111111111
F11F11D11D11D11D11D1
11111111111111111111
  1221              
  2DD1              
  2D31              

