GENERATION ZERO
........
........
........
...****.
........
........
........
........

GENERATION 1
........
........
....**..
....**..
....**..
........
........
........

GENERATION 5
........
........
....**..
...*..*.
....**..
........
........
........

GENERATION ZERO
*.......
.*......
..*.....
...*....
...*....
..*.....
.*......
*.......

GENERATION 1
........
.*......
..*.....
..**....
..**....
..*.....
.*......
........

GENERATION 5
........
.**.....
..*.....
........
........
..*.....
.**.....
........

GENERATION ZERO
........
........
........
.*****..
........
........
........
........

GENERATION 1
........
........
..***...
..***...
..***...
........
........
........

GENERATION 5
...*....
..***...
.*.*.*..
***.***.
.*.*.*..
..***...
...*....
........

GENERATION ZERO
...*..**
.*....**
.*......
.*.***..
.*......
....****
........
........

GENERATION 1
......**
..*...**
**..***.
**..*...
..**....
.....**.
.....**.
........

GENERATION 5
........
.*...**.
**..*.*.
*.....*.
*...**..
.*.*....
..*.....
........
