GAME OVER
D100000000
1223321000
01DDDD1000
0123321000
0011100000
002D421000
002DDD1000
0012321000
0000000011
000000001D

D1        
1223321   
 1DDDD1   
 123321   
  111     
  2D421   
  2DDD1   
  12321   
        11
        1D

F100000000
1223321000
01DDDD1000
0123321000
0011100000
002D421000
002DDD1000
0012321000
0000000011
000000001D

D100000000
1223321000
01DDDD1000
0123321000
0011100000
002D421000
002DDD1000
0012321000
0000000011
000000001D

F1        
1223321   
 1FFFF1   
 123321   
  111     
  2F421   
  2FFF1   
  12321   
        11
        1F

