..........
..AOOOOO..
.......O..
.....K.O#.
......OO#.
######O.#.
...OOOO.#.
...O....#.
...H....#.
..........

......###.
OOOOOOOOOO
O###.....O
O..#.....O
O..#.....H
O..#......
O..K.#####
O........#
O#####...#
OOOOOOA..#

......###.
OOOOO.....
O###O.....
O..#O#####
O..#OOOOOH
O#########
O#########
O........#
O#####...#
OOOOOOA..#

AOOOOOOOOO
.........O
.........O
.........O
.........O
.........O
.........O
.........O
.........O
.........H

AOOOOOOOOO
.........O
.........O
.........O
.........O
....K....O
.........O
.........O
.........O
.........H

##########
#.AO.K...#
#..OO....#
#...OO####
#....O####
#....O..##
#####O..##
HOOOOO####
####..####
####.#####

##########
#####AOH##
##########
##########
##########
##########
##########
##########
##########
##########

AOOO##...H
...O##...O
...O##...O
...O##...O
...O##...O
...O##...O
...O##...O
...O##...O
...O##...O
...OOOOOOO

##########
AO########
#OO#######
##OO######
###OO#####
####OO####
#####OO###
####K.O.##
#####OO..#
.....H....

##########
......AOOO
####.####O
####.####O
####.####O
####K####O
####.####O
....HOOOOO
#........#
##########