bbbbbbbbbbbbbbbbbbbbbbbbbbbbbbbbbbbbbbbb
b                                      b
b                                      b
b                bbb                   b
b             bbb   bbb                b
b          bbb         bbb             b
b          bb           bb             b
b          bb           bb             b
b          bbb         bbb             b
b             bbb   bbb                b
b                bbb                   b
b                                      b
b                                      b
b                                      b
b                                      b
b                                      b
b       bbbbbbbbbbbbbbbbbb             b
bbbbbbbbb                 bbbbbbbbbbbbbb
b                                      b
b                 b                    b
b                b b                   b
b           bbbbb   bbbbb              b
b            b         b               b
b             b  bbb  b                b
b            b         b               b
b           bbbbbbbbbbbbb              b
b                b b        b b b b    b
b                b b        b b b b    b
b                bbb        bbb b bbb  b
b                                      b
bbbbbbbbbbbbbbbbbbbbbbbbbbbbbbbbbbbbbbbb
